#
# A fatal error has been detected by the Java Runtime Environment:
#
#  Internal Error (classFileParser.cpp:3174), pid=5440, tid=2596
#  Error: ShouldNotReachHere()
#
# JRE version: 6.0_20-b02
# Java VM: Java HotSpot(TM) Client VM (16.3-b01 mixed mode windows-x86 )
# If you would like to submit a bug report, please visit:
#   http://java.sun.com/webapps/bugreport/crash.jsp
#

---------------  T H R E A D  ---------------

Current thread (0x004b9000):  JavaThread "Unknown thread" [_thread_in_vm, id=2596, stack(0x00380000,0x003d0000)]

Stack: [0x00380000,0x003d0000],  sp=0x003cf880,  free space=13e003cf890k
Native frames: (J=compiled Java code, j=interpreted, Vv=VM code, C=native code)
V  [jvm.dll+0x1f4180]
V  [jvm.dll+0xa1e29]
V  [jvm.dll+0x74a41]
V  [jvm.dll+0x760e4]
V  [jvm.dll+0x1c26a5]
V  [jvm.dll+0x1c2ddd]
V  [jvm.dll+0x1c3195]
V  [jvm.dll+0x1c31db]
V  [jvm.dll+0x1c3302]
V  [jvm.dll+0x1c337a]
V  [jvm.dll+0x1c382d]
V  [jvm.dll+0x1c3c32]
V  [jvm.dll+0x1e40b3]
V  [jvm.dll+0x1e448c]
V  [jvm.dll+0xd89c1]
V  [jvm.dll+0x1ddcd8]
V  [jvm.dll+0x102e10]
C  [javaw.exe+0x1657]
C  [javaw.exe+0x1e2c]
C  [javaw.exe+0x8614]
C  [kernel32.dll+0x13677]
C  [ntdll.dll+0x39f02]
C  [ntdll.dll+0x39ed5]


---------------  P R O C E S S  ---------------

Java Threads: ( => current thread )

Other Threads:

=>0x004b9000 (exited) JavaThread "Unknown thread" [_thread_in_vm, id=2596, stack(0x00380000,0x003d0000)]

VM state:not at safepoint (not fully initialized)

VM Mutex/Monitor currently owned by a thread: None

Dynamic libraries:
0x00400000 - 0x00424000 	C:\Program Files (x86)\Java\jre6\bin\javaw.exe
0x76f00000 - 0x77080000 	C:\Windows\SysWOW64\ntdll.dll
0x766a0000 - 0x767a0000 	C:\Windows\syswow64\kernel32.dll
0x768a0000 - 0x768e6000 	C:\Windows\syswow64\KERNELBASE.dll
0x75eb0000 - 0x75f50000 	C:\Windows\syswow64\ADVAPI32.dll
0x76560000 - 0x7660c000 	C:\Windows\syswow64\msvcrt.dll
0x74ea0000 - 0x74eb9000 	C:\Windows\SysWOW64\sechost.dll
0x76a10000 - 0x76b00000 	C:\Windows\syswow64\RPCRT4.dll
0x74a70000 - 0x74ad0000 	C:\Windows\syswow64\SspiCli.dll
0x74a60000 - 0x74a6c000 	C:\Windows\syswow64\CRYPTBASE.dll
0x767a0000 - 0x768a0000 	C:\Windows\syswow64\USER32.dll
0x75d50000 - 0x75de0000 	C:\Windows\syswow64\GDI32.dll
0x75de0000 - 0x75dea000 	C:\Windows\syswow64\LPK.dll
0x74e00000 - 0x74e9d000 	C:\Windows\syswow64\USP10.dll
0x75e50000 - 0x75eb0000 	C:\Windows\system32\IMM32.DLL
0x74ec0000 - 0x74f8c000 	C:\Windows\syswow64\MSCTF.dll
0x7c340000 - 0x7c396000 	C:\Program Files (x86)\Java\jre6\bin\msvcr71.dll
0x6d800000 - 0x6da97000 	C:\Program Files (x86)\Java\jre6\bin\client\jvm.dll
0x73380000 - 0x733b2000 	C:\Windows\system32\WINMM.dll
0x736f0000 - 0x7373b000 	C:\Windows\system32\apphelp.dll
0x6d7b0000 - 0x6d7bc000 	C:\Program Files (x86)\Java\jre6\bin\verify.dll
0x6d330000 - 0x6d34f000 	C:\Program Files (x86)\Java\jre6\bin\java.dll
0x6d290000 - 0x6d298000 	C:\Program Files (x86)\Java\jre6\bin\hpi.dll
0x76080000 - 0x76085000 	C:\Windows\syswow64\PSAPI.DLL
0x6d7f0000 - 0x6d7ff000 	C:\Program Files (x86)\Java\jre6\bin\zip.dll

VM Arguments:
jvm_args: -Dfile.encoding=Cp1252 -Xbootclasspath:C:\Program Files (x86)\Android\android-sdk\platforms\android-10\android.jar 
java_command: tv.floe.cephenes.tests.udp.server.DemoServer
Launcher Type: SUN_STANDARD

Environment Variables:
PATH=C:/Program Files (x86)/Java/jre6/bin/client;C:/Program Files (x86)/Java/jre6/bin;C:\Windows\system32;C:\Windows;C:\Windows\System32\Wbem;C:\Windows\System32\WindowsPowerShell\v1.0\;C:\Program Files (x86)\OpenVPN\bin
USERNAME=Josh
OS=Windows_NT
PROCESSOR_IDENTIFIER=Intel64 Family 6 Model 23 Stepping 10, GenuineIntel



---------------  S Y S T E M  ---------------

OS: Windows 7 Build 7600 

CPU:total 4 (4 cores per cpu, 1 threads per core) family 6 model 23 stepping 10, cmov, cx8, fxsr, mmx, sse, sse2, sse3, ssse3, sse4.1

Memory: 4k page, physical 8387704k(4543672k free), swap 16773512k(12088512k free)

vm_info: Java HotSpot(TM) Client VM (16.3-b01) for windows-x86 JRE (1.6.0_20-b02), built on Apr 12 2010 13:52:23 by "java_re" with MS VC++ 7.1 (VS2003)

time: Sun Mar 06 23:50:55 2011
elapsed time: 0 seconds

